ISim log file
Running: C:\Users\10791\P6_vesion2\mips_txt_isim_beh.exe -intstyle ise -gui -tclbatch isim.cmd -wdb C:/Users/10791/P6_vesion2/mips_txt_isim_beh.wdb 
ISim P.20131013 (signature 0x7708f090)
----------------------------------------------------------------------
WARNING:Security:42 - Your software subscription period has lapsed. Your current version of Xilinx tools will continue to function, but you no longer qualify for Xilinx software updates or new releases.


----------------------------------------------------------------------
This is a Full version of ISim.
Time resolution is 1 ps
# onerror resume
# wave add /
# run 1000 ns
Simulator is doing circuit initialization process.
Finished circuit initialization process.
@00003000: $ 8 <= 7fff0000
@00003004: $ 8 <= 7fffffff
@00003008: $ 9 <= 00bb0000
@0000300c: $ 9 <= 00bbbc21
@00003010: *00000000 <= 00bbbc21
@00003014: $10 <= 00bbbc21
@0000301c: $16 <= 00662191
@00003020: $17 <= 000000ae
ISim P.20131013 (signature 0x7708f090)
----------------------------------------------------------------------
WARNING:Security:42 - Your software subscription period has lapsed. Your current version of Xilinx tools will continue to function, but you no longer qualify for Xilinx software updates or new releases.


----------------------------------------------------------------------
This is a Full version of ISim.
# run 1000 ns
Simulator is doing circuit initialization process.
Finished circuit initialization process.
@00003000: $ 8 <= 7fff0000
@00003004: $ 8 <= 7fffffff
@00003008: $ 9 <= 00bb0000
@0000300c: $ 9 <= 00bbbc21
@00003010: *00000000 <= 00bbbc21
@00003014: $10 <= 00bbbc21
@0000301c: $16 <= 00662191
@00003020: $17 <= 000000ae
